20:40:34: 2024-01-05 starting stratum for aurum on .bnomp.io:6233
20:40:34: Bitnet wallet tb1qvg6my6jplr8nqhkhp8rfluw82wah72znqk2pjf is not mine.
20:40:34: Warning: unable to decode BITN tb1qvg6my6jplr8nqhkhp8rfluw82wah72znqk2pjf script pubkey
20:40:34: BITN tb1qvg6my6jplr8nqhkhp8rfluw82wah72znqk2pjf extracted script pubkey is 35b26a41f8cf305ed709c69ff1c753bb7f
20:40:34: ERROR getaccountaddress Bitnet
20:43:30: 2024-01-05 starting stratum for aurum on .bnomp.io:6233
20:43:30: Bitnet wallet tb1qvg6my6jplr8nqhkhp8rfluw82wah72znqk2pjf is not mine.
20:43:30: Warning: unable to decode BITN tb1qvg6my6jplr8nqhkhp8rfluw82wah72znqk2pjf script pubkey
20:43:30: BITN tb1qvg6my6jplr8nqhkhp8rfluw82wah72znqk2pjf extracted script pubkey is 35b26a41f8cf305ed709c69ff1c753bb7f
20:43:30: ERROR getaccountaddress Bitnet
20:43:39: 2024-01-05 starting stratum for aurum on .bnomp.io:6233
20:43:39: Bitnet wallet tb1qvg6my6jplr8nqhkhp8rfluw82wah72znqk2pjf is not mine.
20:43:39: Warning: unable to decode BITN tb1qvg6my6jplr8nqhkhp8rfluw82wah72znqk2pjf script pubkey
20:43:39: BITN tb1qvg6my6jplr8nqhkhp8rfluw82wah72znqk2pjf extracted script pubkey is 35b26a41f8cf305ed709c69ff1c753bb7f
20:43:39: ERROR getaccountaddress Bitnet
20:47:04: 2024-01-05 starting stratum for aurum on .bnomp.io:6233
20:47:04: ERROR getaccountaddress Bitnet
20:47:40: 2024-01-05 starting stratum for aurum on .bnomp.io:6233
20:47:40: Bitnet wallet tb1q9ege987elrs6cv9fdaznknecpx5h64aamdyj8g is not mine.
20:47:40: Warning: unable to decode BITN tb1q9ege987elrs6cv9fdaznknecpx5h64aamdyj8g script pubkey
20:47:40: BITN tb1q9ege987elrs6cv9fdaznknecpx5h64aamdyj8g extracted script pubkey is 51929fd9f8e1ac30a96f453b4f3809a97d
20:47:40: ERROR getaccountaddress Bitnet
20:53:20: 2024-01-05 starting stratum for aurum on .bnomp.io:6233
20:53:20: Bitnet wallet tb1q9ege987elrs6cv9fdaznknecpx5h64aamdyj8g is not mine.
20:53:20: Warning: unable to decode BITN tb1q9ege987elrs6cv9fdaznknecpx5h64aamdyj8g script pubkey
20:53:20: BITN tb1q9ege987elrs6cv9fdaznknecpx5h64aamdyj8g extracted script pubkey is 51929fd9f8e1ac30a96f453b4f3809a97d
20:53:20: ERROR getaccountaddress Bitnet
20:59:30: 2024-01-05 starting stratum for aurum on .bnomp.io:6233
20:59:30: Bitnet wallet tb1q9ege987elrs6cv9fdaznknecpx5h64aamdyj8g is not mine.
20:59:30: Warning: unable to decode BITN tb1q9ege987elrs6cv9fdaznknecpx5h64aamdyj8g script pubkey
20:59:30: BITN tb1q9ege987elrs6cv9fdaznknecpx5h64aamdyj8g extracted script pubkey is 51929fd9f8e1ac30a96f453b4f3809a97d
20:59:30: ERROR getaccountaddress Bitnet
